[LOG] Instance Signature: c5e28ebcfe00a510922779b2c568cfa52a317445_1711785657
[LOG] Hyprland PID: 836
[LOG] ===== SYSTEM INFO: =====
[LOG] System name: Linux
[LOG] Node name: arch
[LOG] Release: 6.8.2-arch2-1
[LOG] Version: #1 SMP PREEMPT_DYNAMIC Thu, 28 Mar 2024 17:06:35 +0000


[LOG] GPU information:
01:00.0 VGA compatible controller [0300]: NVIDIA Corporation TU106 [GeForce RTX 2060 SUPER] [10de:1f06] (rev a1) (prog-if 00 [VGA controller])
5c:00.0 VGA compatible controller [0300]: Advanced Micro Devices, Inc. [AMD/ATI] Raphael [1002:164e] (rev c1) (prog-if 00 [VGA controller])


[WARN] Warning: you're using an NVIDIA GPU. Make sure you follow the instructions on the wiki if anything is amiss.

[LOG] os-release:
NAME="Arch Linux"
PRETTY_NAME="Arch Linux"
ID=arch
BUILD_ID=rolling
ANSI_COLOR="38;2;23;147;209"
HOME_URL="https://archlinux.org/"
DOCUMENTATION_URL="https://wiki.archlinux.org/"
SUPPORT_URL="https://bbs.archlinux.org/"
BUG_REPORT_URL="https://gitlab.archlinux.org/groups/archlinux/-/issues"
PRIVACY_POLICY_URL="https://terms.archlinux.org/docs/privacy-policy/"
LOGO=archlinux-logo

[LOG] ========================



[INFO] If you are crashing, or encounter any bugs, please consult https://wiki.hyprland.org/Crashes-and-Bugs/


[LOG] 
Current splash: I'm beggin', beggin' you


[LOG] Creating the HookSystem!
[LOG] Creating the KeybindManager!
[LOG] [hookSystem] New hook event registered: configReloaded
[LOG] Creating the AnimationManager!
[LOG] Created a bezier curve, baked 255 points, mem usage: 4.08kB, time to bake: 322.40µs. Estimated average calc time: 0.04µs.
[LOG] Creating the ConfigManager!
[LOG] NOTE: further logs to stdout / logfile are disabled by default. Use debug:disable_logs and debug:enable_stdout_logs to override this.
[LOG] Created a bezier curve, baked 255 points, mem usage: 4.08kB, time to bake: 4.65µs. Estimated average calc time: 0.02µs.
[LOG] Using config: /home/primary/.config/hypr/hyprland.conf
